listening on *:3000
/home/oppiheht/chat
user "I1G54kiX2CiabbNhAAAA" connected
test has joined the conversation
message: [test]test
message: [test]test
message: [test]test
user I1G54kiX2CiabbNhAAAA has left
user "Zjasae9j8Xt5Xe_zAAAB" connected
Blue has joined the conversation
user Zjasae9j8Xt5Xe_zAAAB has left
user "lXtcYk3zqyMoW-tWAAAC" connected
user lXtcYk3zqyMoW-tWAAAC has left
user "Mq7AI9SD8JwmgoguAAAD" connected
user Mq7AI9SD8JwmgoguAAAD has left
user "vei1G9h1DE4YLVCMAAAE" connected
user vei1G9h1DE4YLVCMAAAE has left
listening on *:3000
/home/oppiheht/chat
listening on *:3000
/home/oppiheht/chat
user "XMTPANjf24uG-gvwAAAA" connected
user XMTPANjf24uG-gvwAAAA has left
user "B5O88EIUt-CLfd3UAAAB" connected
user B5O88EIUt-CLfd3UAAAB has left
user "AvfGlW2plXlXLYmHAAAC" connected
blue has joined the conversation
user AvfGlW2plXlXLYmHAAAC has left
user "iwz7r5nLQ_kVZKKGAAAD" connected
blue has joined the conversation
message: [blue]hola
message: [blue]i think itll work for you
user "qZybwyolaOMF48ISAAAE" connected
Hi has joined the conversation
message: [Hi]Oh, I'm hi,
message: [Hi]Hello from hi
message: [Hi]:p
message: [blue]oh yay
message: [blue]sweet
message: [blue]so now hopefully
message: [blue]i can run a build server on this thing as well, and going to the same IP with a different port will show a build status and spot where you can download the .apk package for your phone
message: [Hi]Wow, that's fancy
user qZybwyolaOMF48ISAAAE has left
message: [blue]so going to http://71.95.136.53:{some-number-here}/ will go somewhere new
message: [blue]i think thatll work
user "AjqVDOTTFdcgmLZJAAAF" connected
Jess has joined the conversation
message: [blue]might just be the whiskey talking
message: [Jess]Hello
message: [blue]ohey
message: [blue]welcome back
message: [Jess]Someone's drunk
message: [blue]nah
message: [blue]tipsy
message: [blue]oh you are on mobile too
message: [blue]hows the site work on mobile?
message: [Jess]It works well
message: [Jess]Simple
message: [Jess]It works
message: [Jess]I'd call it a success
message: [blue]sweet
message: [blue]it supposed to work on mobile too
message: [blue]with all the resizing and stuff
message: [Jess]Yeah
message: [Jess]You're good
user AjqVDOTTFdcgmLZJAAAF has left
